mode: count
github.com/AlgorithmChopda/Website-Checker.git/internal/handlers.go:13.97,14.54 1 1
github.com/AlgorithmChopda/Website-Checker.git/internal/handlers.go:14.54,18.17 3 3
github.com/AlgorithmChopda/Website-Checker.git/internal/handlers.go:18.17,22.4 3 1
github.com/AlgorithmChopda/Website-Checker.git/internal/handlers.go:25.3,29.47 3 2
github.com/AlgorithmChopda/Website-Checker.git/internal/handlers.go:33.95,34.54 1 1
github.com/AlgorithmChopda/Website-Checker.git/internal/handlers.go:34.54,38.16 2 3
github.com/AlgorithmChopda/Website-Checker.git/internal/handlers.go:38.16,44.18 4 1
github.com/AlgorithmChopda/Website-Checker.git/internal/handlers.go:44.18,50.5 2 0
github.com/AlgorithmChopda/Website-Checker.git/internal/handlers.go:51.9,53.18 2 2
github.com/AlgorithmChopda/Website-Checker.git/internal/handlers.go:53.18,57.5 3 1
github.com/AlgorithmChopda/Website-Checker.git/internal/handlers.go:59.4,60.18 2 1
github.com/AlgorithmChopda/Website-Checker.git/internal/handlers.go:60.18,64.5 3 0
github.com/AlgorithmChopda/Website-Checker.git/internal/repo.go:25.41,27.2 1 0
github.com/AlgorithmChopda/Website-Checker.git/internal/repo.go:29.58,31.39 1 0
github.com/AlgorithmChopda/Website-Checker.git/internal/repo.go:31.39,33.3 1 0
github.com/AlgorithmChopda/Website-Checker.git/internal/repo.go:34.2,34.13 1 0
github.com/AlgorithmChopda/Website-Checker.git/internal/repo.go:37.60,40.2 2 0
github.com/AlgorithmChopda/Website-Checker.git/internal/repo.go:42.49,44.30 2 0
github.com/AlgorithmChopda/Website-Checker.git/internal/repo.go:44.30,46.3 1 0
github.com/AlgorithmChopda/Website-Checker.git/internal/repo.go:47.2,47.16 1 0
github.com/AlgorithmChopda/Website-Checker.git/internal/repo.go:50.47,52.25 2 0
github.com/AlgorithmChopda/Website-Checker.git/internal/repo.go:52.25,54.3 1 0
github.com/AlgorithmChopda/Website-Checker.git/internal/repo.go:55.2,55.13 1 0
github.com/AlgorithmChopda/Website-Checker.git/internal/repo.go:58.69,60.2 1 0
github.com/AlgorithmChopda/Website-Checker.git/internal/repo.go:62.71,64.2 1 0
github.com/AlgorithmChopda/Website-Checker.git/internal/repo.go:66.57,68.2 1 0
github.com/AlgorithmChopda/Website-Checker.git/internal/service.go:22.69,26.2 1 0
github.com/AlgorithmChopda/Website-Checker.git/internal/service.go:28.60,29.32 1 0
github.com/AlgorithmChopda/Website-Checker.git/internal/service.go:29.32,31.38 2 0
github.com/AlgorithmChopda/Website-Checker.git/internal/service.go:31.38,34.4 1 0
github.com/AlgorithmChopda/Website-Checker.git/internal/service.go:38.66,39.36 1 0
github.com/AlgorithmChopda/Website-Checker.git/internal/service.go:39.36,41.3 1 0
github.com/AlgorithmChopda/Website-Checker.git/internal/service.go:43.2,43.54 1 0
github.com/AlgorithmChopda/Website-Checker.git/internal/service.go:46.47,48.2 1 0
github.com/AlgorithmChopda/Website-Checker.git/internal/service.go:50.61,51.6 1 0
github.com/AlgorithmChopda/Website-Checker.git/internal/service.go:51.6,53.25 2 0
github.com/AlgorithmChopda/Website-Checker.git/internal/service.go:53.25,55.4 1 0
github.com/AlgorithmChopda/Website-Checker.git/internal/service.go:56.3,56.30 1 0
github.com/AlgorithmChopda/Website-Checker.git/internal/service.go:60.45,63.16 3 0
github.com/AlgorithmChopda/Website-Checker.git/internal/service.go:63.16,65.3 1 0
github.com/AlgorithmChopda/Website-Checker.git/internal/service.go:65.8,66.28 1 0
github.com/AlgorithmChopda/Website-Checker.git/internal/service.go:66.28,68.4 1 0
github.com/AlgorithmChopda/Website-Checker.git/internal/service.go:71.2,71.43 1 0
